{
  "RSpec": {
    "coverage": {
      "/Users/Robot/challenges/test-all-the-methods/code.rb": [
        1,
        2,
        1,
        null,
        1,
        null,
        null,
        null,
        1,
        1,
        1,
        3,
        null,
        null,
        1,
        null,
        null,
        1,
        1,
        1,
        3,
        null,
        1,
        null,
        null,
        1,
        4,
        1,
        3,
        1,
        2,
        1,
        null,
        1,
        null,
        null,
        null,
        1,
        1,
        6,
        3,
        null,
        3,
        null,
        null,
        null,
        null,
        1,
        1,
        null,
        null,
        1,
        3,
        1,
        null,
        null,
        2,
        2,
        7,
        6,
        null,
        1,
        null
      ]
    },
    "timestamp": 1471096576
  }
}
